#-----------------------------------------------------------
# PlanAhead v14.7 (64-bit)
# Build 321239 by xbuild on Fri Sep 27 19:29:51 MDT 2013
# Start of session at: Sun Dec 12 19:29:33 2021
# Process ID: 11580
# Log file: C:/Users/miste/Desktop/VHDL/FILO_Stack_VHDL/planAhead_run_2/planAhead.log
# Journal file: C:/Users/miste/Desktop/VHDL/FILO_Stack_VHDL/planAhead_run_2/planAhead.jou
#-----------------------------------------------------------
INFO: [Common 17-78] Attempting to get a license: PlanAhead
INFO: [Common 17-290] Got license for PlanAhead
INFO: [Device 21-36] Loading parts and site information from E:/Programy/ISE/14.7/ISE_DS/PlanAhead/data/parts/arch.xml
Parsing RTL primitives file [E:/Programy/ISE/14.7/ISE_DS/PlanAhead/data/parts/xilinx/rtl/prims/rtl_prims.xml]
Finished parsing RTL primitives file [E:/Programy/ISE/14.7/ISE_DS/PlanAhead/data/parts/xilinx/rtl/prims/rtl_prims.xml]
start_gui
source C:/Users/miste/Desktop/VHDL/FILO_Stack_VHDL/pa.fromHdl.tcl
# create_project -name FILO_Stack_VHDL -dir "C:/Users/miste/Desktop/VHDL/FILO_Stack_VHDL/planAhead_run_3" -part xc7a100tcsg324-3
# set_param project.pinAheadLayout yes
# set srcset [get_property srcset [current_run -impl]]
# set_property target_constrs_file "Memory.ucf" [current_fileset -constrset]
Adding file 'C:/Users/miste/Desktop/VHDL/FILO_Stack_VHDL/Memory.ucf' to fileset 'constrs_1'
# set hdlfile [add_files [list {Memory.vhd}]]
# set_property file_type VHDL $hdlfile
# set_property library work $hdlfile
# set_property top Memory $srcset
# add_files [list {Memory.ucf}] -fileset [get_property constrset [current_run]]
# open_rtl_design -part xc7a100tcsg324-3
CRITICAL WARNING: [Designutils 20-742] The top module "Memory" specified for this project can not be validated. The current project is using automatic hierarchy update mode, and hence a new suitable replacement top will be automatically selected. If this is not desired, please change the hierarchy update mode to one of the manual compile order modes first, and then set top to any desired value.
ERROR: [Designutils 20-730] Could not find a top module in the fileset sources_1.

    while executing
"open_rtl_design -part xc7a100tcsg324-3"
    (file "C:/Users/miste/Desktop/VHDL/FILO_Stack_VHDL/pa.fromHdl.tcl" line 13)
exit
ERROR: [PlanAhead 12-106] *** Exception: ui.h.b: Found deleted key in HTclEventBroker. Verify if the classes listed here call cleanup()
HTclEvent: SIGNAL_MODIFY   Classes: ui.views.aR 
HTclEvent: DEBUG_PORT_CONFIG_CHANGE   Classes: ui.views.aR 
HTclEvent: SIGNAL_BUS_MODIFY   Classes: ui.views.aR 
HTclEvent: DEBUG_CORE_CONFIG_CHANGE   Classes: ui.views.aR 
 (See C:/Users/miste/Desktop/VHDL/FILO_Stack_VHDL\planAhead_pid11580.debug)
ERROR: [Common 17-39] 'stop_gui' failed due to earlier errors.
INFO: [Common 17-206] Exiting PlanAhead at Sun Dec 12 19:30:07 2021...
INFO: [Common 17-83] Releasing license: PlanAhead
